2024-10-03T05:02:16 | touched: test/Polkadothub.test.js
2025-09-22T05:35:44 | touched: scripts/deploy.js
2026-01-24T10:56:23 | touched: test/Polkadothub.test.js
2025-08-01T12:49:55 | touched: test/Polkadothub.test.js
2024-07-16T11:33:36 | touched: test/Polkadothub.test.js
2024-09-03T03:14:17 | touched: package.json
2025-01-05T04:08:06 | touched: hardhat.config.js
2026-01-19T15:12:58 | touched: package.json
2026-01-18T14:19:59 | touched: .env.example
2026-01-11T01:55:22 | touched: package.json
2026-01-08T00:23:16 | touched: README.md
2024-05-03T12:37:12 | touched: scripts/deploy.js
2025-02-26T05:38:02 | touched: scripts/deploy.js
2026-01-22T02:02:48 | touched: scripts/deploy.js
2025-10-08T20:52:00 | touched: LICENSE
2024-12-03T11:32:28 | touched: package.json
2026-01-17T20:21:44 | touched: scripts/deploy.js
2026-01-16T07:25:44 | touched: test/Polkadothub.test.js
2025-10-16T10:07:49 | touched: LICENSE
2026-01-11T00:50:13 | touched: contracts/Polkadothub.sol
2024-12-21T14:18:33 | touched: LICENSE
2025-05-25T20:13:12 | touched: contracts/Polkadothub.sol
2025-05-15T07:49:19 | touched: scripts/deploy.js
2026-01-14T11:46:52 | touched: README.md
